{"/home/samb-lt85/Documents/code/test-19-08-2024/src/controllers/userController.js": {"path":"/home/samb-lt85/Documents/code/test-19-08-2024/src/controllers/userController.js","statementMap":{"0":{"start":{"line":1,"column":20},"end":{"line":1,"column":54}},"1":{"start":{"line":2,"column":26},"end":{"line":2,"column":57}},"2":{"start":{"line":6,"column":4},"end":{"line":13,"column":5}},"3":{"start":{"line":7,"column":37},"end":{"line":7,"column":45}},"4":{"start":{"line":8,"column":19},"end":{"line":8,"column":65}},"5":{"start":{"line":9,"column":6},"end":{"line":9,"column":33}},"6":{"start":{"line":11,"column":25},"end":{"line":11,"column":78}},"7":{"start":{"line":12,"column":6},"end":{"line":12,"column":66}},"8":{"start":{"line":17,"column":4},"end":{"line":24,"column":5}},"9":{"start":{"line":18,"column":37},"end":{"line":18,"column":45}},"10":{"start":{"line":19,"column":21},"end":{"line":19,"column":64}},"11":{"start":{"line":20,"column":6},"end":{"line":20,"column":23}},"12":{"start":{"line":22,"column":25},"end":{"line":22,"column":83}},"13":{"start":{"line":23,"column":6},"end":{"line":23,"column":66}},"14":{"start":{"line":28,"column":4},"end":{"line":35,"column":5}},"15":{"start":{"line":29,"column":21},"end":{"line":29,"column":32}},"16":{"start":{"line":30,"column":19},"end":{"line":30,"column":59}},"17":{"start":{"line":31,"column":6},"end":{"line":31,"column":21}},"18":{"start":{"line":33,"column":25},"end":{"line":33,"column":69}},"19":{"start":{"line":34,"column":6},"end":{"line":34,"column":66}},"20":{"start":{"line":39,"column":0},"end":{"line":39,"column":38}}},"fnMap":{"0":{"name":"(anonymous_0)","decl":{"start":{"line":5,"column":2},"end":{"line":5,"column":3}},"loc":{"start":{"line":5,"column":27},"end":{"line":14,"column":3}},"line":5},"1":{"name":"(anonymous_1)","decl":{"start":{"line":16,"column":2},"end":{"line":16,"column":3}},"loc":{"start":{"line":16,"column":24},"end":{"line":25,"column":3}},"line":16},"2":{"name":"(anonymous_2)","decl":{"start":{"line":27,"column":2},"end":{"line":27,"column":3}},"loc":{"start":{"line":27,"column":29},"end":{"line":36,"column":3}},"line":27}},"branchMap":{"0":{"loc":{"start":{"line":11,"column":25},"end":{"line":11,"column":78}},"type":"cond-expr","locations":[{"start":{"line":11,"column":69},"end":{"line":11,"column":72}},{"start":{"line":11,"column":75},"end":{"line":11,"column":78}}],"line":11},"1":{"loc":{"start":{"line":22,"column":25},"end":{"line":22,"column":83}},"type":"cond-expr","locations":[{"start":{"line":22,"column":74},"end":{"line":22,"column":77}},{"start":{"line":22,"column":80},"end":{"line":22,"column":83}}],"line":22},"2":{"loc":{"start":{"line":33,"column":25},"end":{"line":33,"column":69}},"type":"cond-expr","locations":[{"start":{"line":33,"column":60},"end":{"line":33,"column":63}},{"start":{"line":33,"column":66},"end":{"line":33,"column":69}}],"line":33}},"s":{"0":2,"1":2,"2":4,"3":4,"4":4,"5":1,"6":3,"7":3,"8":5,"9":5,"10":5,"11":2,"12":3,"13":3,"14":3,"15":3,"16":3,"17":1,"18":2,"19":2,"20":2},"f":{"0":4,"1":5,"2":3},"b":{"0":[2,1],"1":[2,1],"2":[1,1]},"_coverageSchema":"1a1c01bbd47fc00a2c39e90264f33305004495a9","hash":"176efa79e47aa441bfdffc28b233e975645aa812"}
,"/home/samb-lt85/Documents/code/test-19-08-2024/src/dto/errorResponse.js": {"path":"/home/samb-lt85/Documents/code/test-19-08-2024/src/dto/errorResponse.js","statementMap":{"0":{"start":{"line":3,"column":4},"end":{"line":7,"column":6}},"1":{"start":{"line":11,"column":0},"end":{"line":13,"column":2}}},"fnMap":{"0":{"name":"(anonymous_0)","decl":{"start":{"line":2,"column":2},"end":{"line":2,"column":3}},"loc":{"start":{"line":2,"column":45},"end":{"line":8,"column":3}},"line":2}},"branchMap":{"0":{"loc":{"start":{"line":2,"column":23},"end":{"line":2,"column":43}},"type":"default-arg","locations":[{"start":{"line":2,"column":30},"end":{"line":2,"column":43}}],"line":2}},"s":{"0":15,"1":3},"f":{"0":15},"b":{"0":[8]},"_coverageSchema":"1a1c01bbd47fc00a2c39e90264f33305004495a9","hash":"5ae3267dd4b97075c556b672c1b2d4435c39b594"}
,"/home/samb-lt85/Documents/code/test-19-08-2024/src/dto/loginResponse.js": {"path":"/home/samb-lt85/Documents/code/test-19-08-2024/src/dto/loginResponse.js","statementMap":{"0":{"start":{"line":1,"column":25},"end":{"line":1,"column":50}},"1":{"start":{"line":5,"column":4},"end":{"line":5,"column":23}},"2":{"start":{"line":6,"column":4},"end":{"line":6,"column":39}},"3":{"start":{"line":7,"column":4},"end":{"line":7,"column":26}},"4":{"start":{"line":11,"column":0},"end":{"line":13,"column":2}}},"fnMap":{"0":{"name":"(anonymous_0)","decl":{"start":{"line":4,"column":2},"end":{"line":4,"column":3}},"loc":{"start":{"line":4,"column":27},"end":{"line":8,"column":3}},"line":4}},"branchMap":{},"s":{"0":3,"1":3,"2":3,"3":3,"4":3},"f":{"0":3},"b":{},"_coverageSchema":"1a1c01bbd47fc00a2c39e90264f33305004495a9","hash":"829097c3f2a57b40cacd5224690e08b567a49b28"}
,"/home/samb-lt85/Documents/code/test-19-08-2024/src/dto/userRequest.js": {"path":"/home/samb-lt85/Documents/code/test-19-08-2024/src/dto/userRequest.js","statementMap":{"0":{"start":{"line":1,"column":12},"end":{"line":1,"column":26}},"1":{"start":{"line":3,"column":24},"end":{"line":19,"column":2}},"2":{"start":{"line":21,"column":21},"end":{"line":30,"column":2}},"3":{"start":{"line":32,"column":0},"end":{"line":35,"column":2}}},"fnMap":{},"branchMap":{},"s":{"0":2,"1":2,"2":2,"3":2},"f":{},"b":{},"_coverageSchema":"1a1c01bbd47fc00a2c39e90264f33305004495a9","hash":"de5df70ffdac4cfdbfca950815402c9102046eee"}
,"/home/samb-lt85/Documents/code/test-19-08-2024/src/dto/userResponse.js": {"path":"/home/samb-lt85/Documents/code/test-19-08-2024/src/dto/userResponse.js","statementMap":{"0":{"start":{"line":3,"column":4},"end":{"line":3,"column":22}},"1":{"start":{"line":4,"column":4},"end":{"line":4,"column":34}},"2":{"start":{"line":5,"column":4},"end":{"line":5,"column":37}},"3":{"start":{"line":9,"column":0},"end":{"line":11,"column":2}}},"fnMap":{"0":{"name":"(anonymous_0)","decl":{"start":{"line":2,"column":2},"end":{"line":2,"column":3}},"loc":{"start":{"line":2,"column":20},"end":{"line":6,"column":3}},"line":2}},"branchMap":{},"s":{"0":7,"1":7,"2":7,"3":3},"f":{"0":7},"b":{},"_coverageSchema":"1a1c01bbd47fc00a2c39e90264f33305004495a9","hash":"604cc721a82af4dba5734d5357f63dbd4ca70de9"}
,"/home/samb-lt85/Documents/code/test-19-08-2024/src/middleware/authMiddleware.js": {"path":"/home/samb-lt85/Documents/code/test-19-08-2024/src/middleware/authMiddleware.js","statementMap":{"0":{"start":{"line":1,"column":12},"end":{"line":1,"column":35}},"1":{"start":{"line":2,"column":26},"end":{"line":2,"column":57}},"2":{"start":{"line":4,"column":19},"end":{"line":4,"column":61}},"3":{"start":{"line":6,"column":23},"end":{"line":32,"column":1}},"4":{"start":{"line":7,"column":2},"end":{"line":31,"column":3}},"5":{"start":{"line":8,"column":23},"end":{"line":8,"column":48}},"6":{"start":{"line":10,"column":4},"end":{"line":12,"column":5}},"7":{"start":{"line":11,"column":6},"end":{"line":11,"column":101}},"8":{"start":{"line":14,"column":18},"end":{"line":14,"column":42}},"9":{"start":{"line":16,"column":4},"end":{"line":18,"column":5}},"10":{"start":{"line":17,"column":6},"end":{"line":17,"column":86}},"11":{"start":{"line":20,"column":20},"end":{"line":20,"column":49}},"12":{"start":{"line":21,"column":4},"end":{"line":21,"column":23}},"13":{"start":{"line":22,"column":4},"end":{"line":22,"column":18}},"14":{"start":{"line":24,"column":4},"end":{"line":26,"column":5}},"15":{"start":{"line":25,"column":6},"end":{"line":25,"column":87}},"16":{"start":{"line":27,"column":4},"end":{"line":29,"column":5}},"17":{"start":{"line":28,"column":6},"end":{"line":28,"column":87}},"18":{"start":{"line":30,"column":4},"end":{"line":30,"column":94}},"19":{"start":{"line":34,"column":0},"end":{"line":34,"column":32}}},"fnMap":{"0":{"name":"(anonymous_0)","decl":{"start":{"line":6,"column":23},"end":{"line":6,"column":24}},"loc":{"start":{"line":6,"column":43},"end":{"line":32,"column":1}},"line":6}},"branchMap":{"0":{"loc":{"start":{"line":4,"column":19},"end":{"line":4,"column":61}},"type":"binary-expr","locations":[{"start":{"line":4,"column":19},"end":{"line":4,"column":41}},{"start":{"line":4,"column":45},"end":{"line":4,"column":61}}],"line":4},"1":{"loc":{"start":{"line":10,"column":4},"end":{"line":12,"column":5}},"type":"if","locations":[{"start":{"line":10,"column":4},"end":{"line":12,"column":5}},{"start":{},"end":{}}],"line":10},"2":{"loc":{"start":{"line":16,"column":4},"end":{"line":18,"column":5}},"type":"if","locations":[{"start":{"line":16,"column":4},"end":{"line":18,"column":5}},{"start":{},"end":{}}],"line":16},"3":{"loc":{"start":{"line":24,"column":4},"end":{"line":26,"column":5}},"type":"if","locations":[{"start":{"line":24,"column":4},"end":{"line":26,"column":5}},{"start":{},"end":{}}],"line":24},"4":{"loc":{"start":{"line":27,"column":4},"end":{"line":29,"column":5}},"type":"if","locations":[{"start":{"line":27,"column":4},"end":{"line":29,"column":5}},{"start":{},"end":{}}],"line":27}},"s":{"0":2,"1":2,"2":2,"3":2,"4":7,"5":7,"6":7,"7":2,"8":5,"9":5,"10":1,"11":4,"12":2,"13":2,"14":2,"15":0,"16":2,"17":2,"18":0,"19":2},"f":{"0":7},"b":{"0":[2,2],"1":[2,5],"2":[1,4],"3":[0,2],"4":[2,0]},"_coverageSchema":"1a1c01bbd47fc00a2c39e90264f33305004495a9","hash":"7b182ad244d1c89c70ce4b7d003a1e9941919cb4"}
,"/home/samb-lt85/Documents/code/test-19-08-2024/src/middleware/validateRequest.js": {"path":"/home/samb-lt85/Documents/code/test-19-08-2024/src/middleware/validateRequest.js","statementMap":{"0":{"start":{"line":1,"column":26},"end":{"line":1,"column":57}},"1":{"start":{"line":3,"column":24},"end":{"line":10,"column":1}},"2":{"start":{"line":3,"column":36},"end":{"line":10,"column":1}},"3":{"start":{"line":4,"column":20},"end":{"line":4,"column":45}},"4":{"start":{"line":5,"column":2},"end":{"line":8,"column":3}},"5":{"start":{"line":6,"column":20},"end":{"line":6,"column":76}},"6":{"start":{"line":6,"column":50},"end":{"line":6,"column":64}},"7":{"start":{"line":7,"column":4},"end":{"line":7,"column":80}},"8":{"start":{"line":9,"column":2},"end":{"line":9,"column":16}},"9":{"start":{"line":12,"column":0},"end":{"line":12,"column":33}}},"fnMap":{"0":{"name":"(anonymous_0)","decl":{"start":{"line":3,"column":24},"end":{"line":3,"column":25}},"loc":{"start":{"line":3,"column":36},"end":{"line":10,"column":1}},"line":3},"1":{"name":"(anonymous_1)","decl":{"start":{"line":3,"column":36},"end":{"line":3,"column":37}},"loc":{"start":{"line":3,"column":56},"end":{"line":10,"column":1}},"line":3},"2":{"name":"(anonymous_2)","decl":{"start":{"line":6,"column":38},"end":{"line":6,"column":39}},"loc":{"start":{"line":6,"column":50},"end":{"line":6,"column":64}},"line":6}},"branchMap":{"0":{"loc":{"start":{"line":5,"column":2},"end":{"line":8,"column":3}},"type":"if","locations":[{"start":{"line":5,"column":2},"end":{"line":8,"column":3}},{"start":{},"end":{}}],"line":5}},"s":{"0":2,"1":2,"2":4,"3":8,"4":8,"5":2,"6":2,"7":2,"8":6,"9":2},"f":{"0":4,"1":8,"2":2},"b":{"0":[2,6]},"_coverageSchema":"1a1c01bbd47fc00a2c39e90264f33305004495a9","hash":"7a51865bc5f31188082a9ba5a7e5442445b14570"}
,"/home/samb-lt85/Documents/code/test-19-08-2024/src/models/user.js": {"path":"/home/samb-lt85/Documents/code/test-19-08-2024/src/models/user.js","statementMap":{"0":{"start":{"line":1,"column":29},"end":{"line":1,"column":49}},"1":{"start":{"line":2,"column":18},"end":{"line":2,"column":33}},"2":{"start":{"line":6,"column":0},"end":{"line":36,"column":3}},"3":{"start":{"line":38,"column":0},"end":{"line":38,"column":22}}},"fnMap":{},"branchMap":{},"s":{"0":4,"1":4,"2":4,"3":4},"f":{},"b":{},"_coverageSchema":"1a1c01bbd47fc00a2c39e90264f33305004495a9","hash":"91efe33ca474495a72bf4e8723e3202428105bfb"}
,"/home/samb-lt85/Documents/code/test-19-08-2024/src/repositories/db.js": {"path":"/home/samb-lt85/Documents/code/test-19-08-2024/src/repositories/db.js","statementMap":{"0":{"start":{"line":1,"column":17},"end":{"line":1,"column":30}},"1":{"start":{"line":3,"column":13},"end":{"line":9,"column":2}},"2":{"start":{"line":11,"column":0},"end":{"line":11,"column":22}}},"fnMap":{},"branchMap":{},"s":{"0":0,"1":0,"2":0},"f":{},"b":{}}
,"/home/samb-lt85/Documents/code/test-19-08-2024/src/repositories/userRepository.js": {"path":"/home/samb-lt85/Documents/code/test-19-08-2024/src/repositories/userRepository.js","statementMap":{"0":{"start":{"line":1,"column":13},"end":{"line":1,"column":38}},"1":{"start":{"line":5,"column":4},"end":{"line":5,"column":63}},"2":{"start":{"line":9,"column":4},"end":{"line":9,"column":49}},"3":{"start":{"line":13,"column":4},"end":{"line":13,"column":29}},"4":{"start":{"line":17,"column":4},"end":{"line":17,"column":51}},"5":{"start":{"line":18,"column":4},"end":{"line":18,"column":29}},"6":{"start":{"line":22,"column":4},"end":{"line":22,"column":43}},"7":{"start":{"line":26,"column":0},"end":{"line":26,"column":38}}},"fnMap":{"0":{"name":"(anonymous_0)","decl":{"start":{"line":4,"column":2},"end":{"line":4,"column":3}},"loc":{"start":{"line":4,"column":45},"end":{"line":6,"column":3}},"line":4},"1":{"name":"(anonymous_1)","decl":{"start":{"line":8,"column":2},"end":{"line":8,"column":3}},"loc":{"start":{"line":8,"column":33},"end":{"line":10,"column":3}},"line":8},"2":{"name":"(anonymous_2)","decl":{"start":{"line":12,"column":2},"end":{"line":12,"column":3}},"loc":{"start":{"line":12,"column":21},"end":{"line":14,"column":3}},"line":12},"3":{"name":"(anonymous_3)","decl":{"start":{"line":16,"column":2},"end":{"line":16,"column":3}},"loc":{"start":{"line":16,"column":33},"end":{"line":19,"column":3}},"line":16},"4":{"name":"(anonymous_4)","decl":{"start":{"line":21,"column":2},"end":{"line":21,"column":3}},"loc":{"start":{"line":21,"column":23},"end":{"line":23,"column":3}},"line":21}},"branchMap":{},"s":{"0":4,"1":2,"2":6,"3":3,"4":1,"5":1,"6":1,"7":4},"f":{"0":2,"1":6,"2":3,"3":1,"4":1},"b":{},"_coverageSchema":"1a1c01bbd47fc00a2c39e90264f33305004495a9","hash":"ad1efe23821ce33384560ba59c0b9a00776d63e6"}
,"/home/samb-lt85/Documents/code/test-19-08-2024/src/routes/userRoutes.js": {"path":"/home/samb-lt85/Documents/code/test-19-08-2024/src/routes/userRoutes.js","statementMap":{"0":{"start":{"line":1,"column":16},"end":{"line":1,"column":34}},"1":{"start":{"line":2,"column":23},"end":{"line":2,"column":63}},"2":{"start":{"line":3,"column":24},"end":{"line":3,"column":64}},"3":{"start":{"line":4,"column":23},"end":{"line":4,"column":62}},"4":{"start":{"line":5,"column":42},"end":{"line":5,"column":71}},"5":{"start":{"line":7,"column":15},"end":{"line":7,"column":31}},"6":{"start":{"line":9,"column":0},"end":{"line":13,"column":2}},"7":{"start":{"line":12,"column":16},"end":{"line":12,"column":49}},"8":{"start":{"line":15,"column":0},"end":{"line":19,"column":2}},"9":{"start":{"line":18,"column":16},"end":{"line":18,"column":46}},"10":{"start":{"line":21,"column":0},"end":{"line":25,"column":2}},"11":{"start":{"line":24,"column":16},"end":{"line":24,"column":51}},"12":{"start":{"line":27,"column":0},"end":{"line":27,"column":24}}},"fnMap":{"0":{"name":"(anonymous_0)","decl":{"start":{"line":12,"column":2},"end":{"line":12,"column":3}},"loc":{"start":{"line":12,"column":16},"end":{"line":12,"column":49}},"line":12},"1":{"name":"(anonymous_1)","decl":{"start":{"line":18,"column":2},"end":{"line":18,"column":3}},"loc":{"start":{"line":18,"column":16},"end":{"line":18,"column":46}},"line":18},"2":{"name":"(anonymous_2)","decl":{"start":{"line":24,"column":2},"end":{"line":24,"column":3}},"loc":{"start":{"line":24,"column":16},"end":{"line":24,"column":51}},"line":24}},"branchMap":{},"s":{"0":1,"1":1,"2":1,"3":1,"4":1,"5":1,"6":1,"7":2,"8":1,"9":3,"10":1,"11":1,"12":1},"f":{"0":2,"1":3,"2":1},"b":{},"_coverageSchema":"1a1c01bbd47fc00a2c39e90264f33305004495a9","hash":"ad48c31b0b8952ab01ac27136d8fbada9acc82bd"}
,"/home/samb-lt85/Documents/code/test-19-08-2024/src/usecases/userUsecase.js": {"path":"/home/samb-lt85/Documents/code/test-19-08-2024/src/usecases/userUsecase.js","statementMap":{"0":{"start":{"line":1,"column":15},"end":{"line":1,"column":32}},"1":{"start":{"line":2,"column":12},"end":{"line":2,"column":35}},"2":{"start":{"line":3,"column":23},"end":{"line":3,"column":64}},"3":{"start":{"line":4,"column":25},"end":{"line":4,"column":55}},"4":{"start":{"line":5,"column":26},"end":{"line":5,"column":57}},"5":{"start":{"line":7,"column":19},"end":{"line":7,"column":61}},"6":{"start":{"line":8,"column":20},"end":{"line":8,"column":22}},"7":{"start":{"line":13,"column":25},"end":{"line":13,"column":70}},"8":{"start":{"line":14,"column":4},"end":{"line":16,"column":5}},"9":{"start":{"line":15,"column":6},"end":{"line":15,"column":49}},"10":{"start":{"line":19,"column":27},"end":{"line":19,"column":67}},"11":{"start":{"line":22,"column":17},"end":{"line":22,"column":74}},"12":{"start":{"line":25,"column":4},"end":{"line":25,"column":34}},"13":{"start":{"line":30,"column":17},"end":{"line":30,"column":62}},"14":{"start":{"line":31,"column":4},"end":{"line":33,"column":5}},"15":{"start":{"line":32,"column":6},"end":{"line":32,"column":54}},"16":{"start":{"line":36,"column":28},"end":{"line":36,"column":73}},"17":{"start":{"line":37,"column":4},"end":{"line":39,"column":5}},"18":{"start":{"line":38,"column":6},"end":{"line":38,"column":54}},"19":{"start":{"line":42,"column":20},"end":{"line":46,"column":5}},"20":{"start":{"line":48,"column":18},"end":{"line":52,"column":6}},"21":{"start":{"line":54,"column":4},"end":{"line":54,"column":42}},"22":{"start":{"line":58,"column":4},"end":{"line":71,"column":5}},"23":{"start":{"line":59,"column":6},"end":{"line":62,"column":9}},"24":{"start":{"line":64,"column":6},"end":{"line":66,"column":7}},"25":{"start":{"line":65,"column":8},"end":{"line":65,"column":41}},"26":{"start":{"line":67,"column":6},"end":{"line":69,"column":7}},"27":{"start":{"line":68,"column":8},"end":{"line":68,"column":41}},"28":{"start":{"line":70,"column":6},"end":{"line":70,"column":51}},"29":{"start":{"line":75,"column":17},"end":{"line":75,"column":54}},"30":{"start":{"line":76,"column":4},"end":{"line":78,"column":5}},"31":{"start":{"line":77,"column":6},"end":{"line":77,"column":40}},"32":{"start":{"line":79,"column":4},"end":{"line":79,"column":34}},"33":{"start":{"line":83,"column":0},"end":{"line":83,"column":35}}},"fnMap":{"0":{"name":"(anonymous_0)","decl":{"start":{"line":11,"column":2},"end":{"line":11,"column":3}},"loc":{"start":{"line":11,"column":37},"end":{"line":26,"column":3}},"line":11},"1":{"name":"(anonymous_1)","decl":{"start":{"line":28,"column":2},"end":{"line":28,"column":3}},"loc":{"start":{"line":28,"column":34},"end":{"line":55,"column":3}},"line":28},"2":{"name":"(anonymous_2)","decl":{"start":{"line":57,"column":2},"end":{"line":57,"column":3}},"loc":{"start":{"line":57,"column":21},"end":{"line":72,"column":3}},"line":57},"3":{"name":"(anonymous_3)","decl":{"start":{"line":74,"column":2},"end":{"line":74,"column":3}},"loc":{"start":{"line":74,"column":31},"end":{"line":80,"column":3}},"line":74}},"branchMap":{"0":{"loc":{"start":{"line":7,"column":19},"end":{"line":7,"column":61}},"type":"binary-expr","locations":[{"start":{"line":7,"column":19},"end":{"line":7,"column":41}},{"start":{"line":7,"column":45},"end":{"line":7,"column":61}}],"line":7},"1":{"loc":{"start":{"line":14,"column":4},"end":{"line":16,"column":5}},"type":"if","locations":[{"start":{"line":14,"column":4},"end":{"line":16,"column":5}},{"start":{},"end":{}}],"line":14},"2":{"loc":{"start":{"line":31,"column":4},"end":{"line":33,"column":5}},"type":"if","locations":[{"start":{"line":31,"column":4},"end":{"line":33,"column":5}},{"start":{},"end":{}}],"line":31},"3":{"loc":{"start":{"line":37,"column":4},"end":{"line":39,"column":5}},"type":"if","locations":[{"start":{"line":37,"column":4},"end":{"line":39,"column":5}},{"start":{},"end":{}}],"line":37},"4":{"loc":{"start":{"line":64,"column":6},"end":{"line":66,"column":7}},"type":"if","locations":[{"start":{"line":64,"column":6},"end":{"line":66,"column":7}},{"start":{},"end":{}}],"line":64},"5":{"loc":{"start":{"line":67,"column":6},"end":{"line":69,"column":7}},"type":"if","locations":[{"start":{"line":67,"column":6},"end":{"line":69,"column":7}},{"start":{},"end":{}}],"line":67},"6":{"loc":{"start":{"line":76,"column":4},"end":{"line":78,"column":5}},"type":"if","locations":[{"start":{"line":76,"column":4},"end":{"line":78,"column":5}},{"start":{},"end":{}}],"line":76}},"s":{"0":3,"1":3,"2":3,"3":3,"4":3,"5":3,"6":3,"7":4,"8":4,"9":2,"10":2,"11":2,"12":2,"13":6,"14":6,"15":1,"16":5,"17":5,"18":2,"19":3,"20":3,"21":3,"22":4,"23":4,"24":3,"25":1,"26":2,"27":2,"28":0,"29":3,"30":3,"31":1,"32":2,"33":3},"f":{"0":4,"1":6,"2":4,"3":3},"b":{"0":[3,3],"1":[2,2],"2":[1,5],"3":[2,3],"4":[1,2],"5":[2,0],"6":[1,2]},"_coverageSchema":"1a1c01bbd47fc00a2c39e90264f33305004495a9","hash":"fb23f2c28b0c65837ecda4c810ce4116e73fb420"}
}
