TN:
SF:src/controllers/userController.js
FN:5,(anonymous_0)
FN:16,(anonymous_1)
FN:27,(anonymous_2)
FNF:3
FNH:3
FNDA:4,(anonymous_0)
FNDA:5,(anonymous_1)
FNDA:3,(anonymous_2)
DA:1,2
DA:2,2
DA:6,4
DA:7,4
DA:8,4
DA:9,1
DA:11,3
DA:12,3
DA:17,5
DA:18,5
DA:19,5
DA:20,2
DA:22,3
DA:23,3
DA:28,3
DA:29,3
DA:30,3
DA:31,1
DA:33,2
DA:34,2
DA:39,2
LF:21
LH:21
BRDA:11,0,0,2
BRDA:11,0,1,1
BRDA:22,1,0,2
BRDA:22,1,1,1
BRDA:33,2,0,1
BRDA:33,2,1,1
BRF:6
BRH:6
end_of_record
TN:
SF:src/dto/errorResponse.js
FN:2,(anonymous_0)
FNF:1
FNH:1
FNDA:15,(anonymous_0)
DA:3,15
DA:11,3
LF:2
LH:2
BRDA:2,0,0,8
BRF:1
BRH:1
end_of_record
TN:
SF:src/dto/loginResponse.js
FN:4,(anonymous_0)
FNF:1
FNH:1
FNDA:3,(anonymous_0)
DA:1,3
DA:5,3
DA:6,3
DA:7,3
DA:11,3
LF:5
LH:5
BRF:0
BRH:0
end_of_record
TN:
SF:src/dto/userRequest.js
FNF:0
FNH:0
DA:1,2
DA:3,2
DA:21,2
DA:32,2
LF:4
LH:4
BRF:0
BRH:0
end_of_record
TN:
SF:src/dto/userResponse.js
FN:2,(anonymous_0)
FNF:1
FNH:1
FNDA:7,(anonymous_0)
DA:3,7
DA:4,7
DA:5,7
DA:9,3
LF:4
LH:4
BRF:0
BRH:0
end_of_record
TN:
SF:src/middleware/authMiddleware.js
FN:6,(anonymous_0)
FNF:1
FNH:1
FNDA:7,(anonymous_0)
DA:1,2
DA:2,2
DA:4,2
DA:6,2
DA:7,7
DA:8,7
DA:10,7
DA:11,2
DA:14,5
DA:16,5
DA:17,1
DA:20,4
DA:21,2
DA:22,2
DA:24,2
DA:25,0
DA:27,2
DA:28,2
DA:30,0
DA:34,2
LF:20
LH:18
BRDA:4,0,0,2
BRDA:4,0,1,2
BRDA:10,1,0,2
BRDA:10,1,1,5
BRDA:16,2,0,1
BRDA:16,2,1,4
BRDA:24,3,0,0
BRDA:24,3,1,2
BRDA:27,4,0,2
BRDA:27,4,1,0
BRF:10
BRH:8
end_of_record
TN:
SF:src/middleware/validateRequest.js
FN:3,(anonymous_0)
FN:3,(anonymous_1)
FN:6,(anonymous_2)
FNF:3
FNH:3
FNDA:4,(anonymous_0)
FNDA:8,(anonymous_1)
FNDA:2,(anonymous_2)
DA:1,2
DA:3,4
DA:4,8
DA:5,8
DA:6,2
DA:7,2
DA:9,6
DA:12,2
LF:8
LH:8
BRDA:5,0,0,2
BRDA:5,0,1,6
BRF:2
BRH:2
end_of_record
TN:
SF:src/models/user.js
FNF:0
FNH:0
DA:1,4
DA:2,4
DA:6,4
DA:38,4
LF:4
LH:4
BRF:0
BRH:0
end_of_record
TN:
SF:src/repositories/db.js
FNF:0
FNH:0
DA:1,0
DA:3,0
DA:11,0
LF:3
LH:0
BRF:0
BRH:0
end_of_record
TN:
SF:src/repositories/userRepository.js
FN:4,(anonymous_0)
FN:8,(anonymous_1)
FN:12,(anonymous_2)
FN:16,(anonymous_3)
FN:21,(anonymous_4)
FNF:5
FNH:5
FNDA:2,(anonymous_0)
FNDA:6,(anonymous_1)
FNDA:3,(anonymous_2)
FNDA:1,(anonymous_3)
FNDA:1,(anonymous_4)
DA:1,4
DA:5,2
DA:9,6
DA:13,3
DA:17,1
DA:18,1
DA:22,1
DA:26,4
LF:8
LH:8
BRF:0
BRH:0
end_of_record
TN:
SF:src/routes/userRoutes.js
FN:12,(anonymous_0)
FN:18,(anonymous_1)
FN:24,(anonymous_2)
FNF:3
FNH:3
FNDA:2,(anonymous_0)
FNDA:3,(anonymous_1)
FNDA:1,(anonymous_2)
DA:1,1
DA:2,1
DA:3,1
DA:4,1
DA:5,1
DA:7,1
DA:9,1
DA:12,2
DA:15,1
DA:18,3
DA:21,1
DA:24,1
DA:27,1
LF:13
LH:13
BRF:0
BRH:0
end_of_record
TN:
SF:src/usecases/userUsecase.js
FN:11,(anonymous_0)
FN:28,(anonymous_1)
FN:57,(anonymous_2)
FN:74,(anonymous_3)
FNF:4
FNH:4
FNDA:4,(anonymous_0)
FNDA:6,(anonymous_1)
FNDA:4,(anonymous_2)
FNDA:3,(anonymous_3)
DA:1,3
DA:2,3
DA:3,3
DA:4,3
DA:5,3
DA:7,3
DA:8,3
DA:13,4
DA:14,4
DA:15,2
DA:19,2
DA:22,2
DA:25,2
DA:30,6
DA:31,6
DA:32,1
DA:36,5
DA:37,5
DA:38,2
DA:42,3
DA:48,3
DA:54,3
DA:58,4
DA:59,4
DA:64,3
DA:65,1
DA:67,2
DA:68,2
DA:70,0
DA:75,3
DA:76,3
DA:77,1
DA:79,2
DA:83,3
LF:34
LH:33
BRDA:7,0,0,3
BRDA:7,0,1,3
BRDA:14,1,0,2
BRDA:14,1,1,2
BRDA:31,2,0,1
BRDA:31,2,1,5
BRDA:37,3,0,2
BRDA:37,3,1,3
BRDA:64,4,0,1
BRDA:64,4,1,2
BRDA:67,5,0,2
BRDA:67,5,1,0
BRDA:76,6,0,1
BRDA:76,6,1,2
BRF:14
BRH:13
end_of_record
